<?xml version="1.0" encoding="UTF-8"?>
<!-- Generated by org.testng.reporters.JUnitReportReporter -->
<testsuite hostname="DESKTOP-95AMM1Q" failures="0" tests="1" name="selenium.BaseClassTest" time="3.869" errors="0" timestamp="2024-02-12T18:05:50 EET" skipped="0">
  <testcase classname="selenium.BaseClassTest" name="correctLogin" time="3.869"/>
</testsuite> <!-- selenium.BaseClassTest -->
