<?xml version="1.0" encoding="UTF-8"?>
<!-- Generated by org.testng.reporters.JUnitReportReporter -->
<testsuite hostname="DESKTOP-95AMM1Q" failures="0" tests="2" name="selenium.SuccessfullyLogout" time="7.690" errors="0" timestamp="2024-02-12T19:11:24 EET" skipped="0">
  <testcase classname="selenium.SuccessfullyLogout" name="succesfullLogout" time="4.203"/>
  <testcase classname="selenium.SuccessfullyLogout" name="unsuccesfullLogin" time="3.487"/>
</testsuite> <!-- selenium.SuccessfullyLogout -->
