<?xml version="1.0" encoding="UTF-8"?>
<!-- Generated by org.testng.reporters.JUnitReportReporter -->
<testsuite hostname="DESKTOP-95AMM1Q" failures="0" tests="1" name="selenium.UnsuccessfulLoginTest" time="3.962" errors="0" timestamp="2024-02-12T19:07:52 EET" skipped="0">
  <testcase classname="selenium.UnsuccessfulLoginTest" name="correctLogin" time="3.962"/>
</testsuite> <!-- selenium.UnsuccessfulLoginTest -->
