<?xml version="1.0" encoding="UTF-8"?>
<!-- Generated by org.testng.reporters.JUnitReportReporter -->
<testsuite hostname="DESKTOP-95AMM1Q" failures="0" tests="1" name="selenium.SuccessfulLoginTest" time="4.964" errors="0" timestamp="2024-02-12T19:17:28 EET" skipped="0">
  <testcase classname="selenium.SuccessfulLoginTest" name="succesfulLogin" time="4.964"/>
</testsuite> <!-- selenium.SuccessfulLoginTest -->
